[2022-11-24 22:05:07] local.INFO: array (
  'id' => 2,
  'cep' => 48880000,
  'logradouro' => 'test',
)  
[2022-11-24 22:05:24] local.INFO: array (
  'id' => 2,
  'cep' => 48880000,
  'logradouro' => 'test',
)  
[2022-11-24 22:05:57] local.INFO: 2  
[2022-11-24 22:06:30] local.INFO: 2  
[2022-11-24 22:06:49] local.INFO: 2  
[2022-11-24 22:07:04] local.INFO: 2  
[2022-11-24 22:07:16] local.INFO: 2  
[2022-11-24 22:07:25] local.INFO: 2  
[2022-11-24 22:08:27] local.INFO: 2  
[2022-11-24 22:08:38] local.INFO: 1  
[2022-11-24 22:08:54] local.INFO: 1  
[2022-11-24 22:09:14] local.INFO: 2  
[2022-11-24 22:09:24] local.INFO: 2  
